{"C:\\Pessoal\\pitangagile\\src\\components\\Card\\index.tsx": {"path":"C:\\Pessoal\\pitangagile\\src\\components\\Card\\index.tsx","statementMap":{"0":{"start":{"line":12,"column":35},"end":{"line":29,"column":1}},"1":{"start":{"line":13,"column":15},"end":{"line":13,"column":27}},"2":{"start":{"line":16,"column":4},"end":{"line":17,"column":89}},"3":{"start":{"line":18,"column":2},"end":{"line":28,"column":4}}},"fnMap":{"0":{"name":"(anonymous_0)","decl":{"start":{"line":12,"column":35},"end":{"line":12,"column":36}},"loc":{"start":{"line":12,"column":63},"end":{"line":29,"column":1}},"line":12}},"branchMap":{"0":{"loc":{"start":{"line":16,"column":4},"end":{"line":17,"column":89}},"type":"binary-expr","locations":[{"start":{"line":16,"column":4},"end":{"line":16,"column":13}},{"start":{"line":17,"column":4},"end":{"line":17,"column":89}}],"line":16}},"s":{"0":2,"1":1,"2":1,"3":1},"f":{"0":1},"b":{"0":[1,0]},"_coverageSchema":"43e27e138ebf9cfc5966b082cf9a028302ed4184","hash":"4b47afba4efd480e1a2fc9a87d204beb8610ff4a"}
,"C:\\Pessoal\\pitangagile\\src\\components\\Card\\styles.ts": {"path":"C:\\Pessoal\\pitangagile\\src\\components\\Card\\styles.ts","statementMap":{"0":{"start":{"line":9,"column":27},"end":{"line":30,"column":1}},"1":{"start":{"line":16,"column":4},"end":{"line":20,"column":5}},"2":{"start":{"line":25,"column":4},"end":{"line":29,"column":5}}},"fnMap":{"0":{"name":"(anonymous_0)","decl":{"start":{"line":15,"column":4},"end":{"line":15,"column":5}},"loc":{"start":{"line":16,"column":4},"end":{"line":20,"column":5}},"line":16},"1":{"name":"(anonymous_1)","decl":{"start":{"line":24,"column":4},"end":{"line":24,"column":5}},"loc":{"start":{"line":25,"column":4},"end":{"line":29,"column":5}},"line":25}},"branchMap":{"0":{"loc":{"start":{"line":16,"column":4},"end":{"line":20,"column":5}},"type":"binary-expr","locations":[{"start":{"line":16,"column":4},"end":{"line":16,"column":27}},{"start":{"line":17,"column":4},"end":{"line":20,"column":5}}],"line":16},"1":{"loc":{"start":{"line":25,"column":4},"end":{"line":29,"column":5}},"type":"binary-expr","locations":[{"start":{"line":25,"column":4},"end":{"line":25,"column":18}},{"start":{"line":26,"column":4},"end":{"line":29,"column":5}}],"line":25}},"s":{"0":2,"1":1,"2":1},"f":{"0":1,"1":1},"b":{"0":[1,0],"1":[1,0]},"_coverageSchema":"43e27e138ebf9cfc5966b082cf9a028302ed4184","hash":"721d31f38d0fcac225ad99e96b658535f8db334d"}
,"C:\\Pessoal\\pitangagile\\src\\components\\Shaddow\\index.tsx": {"path":"C:\\Pessoal\\pitangagile\\src\\components\\Shaddow\\index.tsx","statementMap":{"0":{"start":{"line":5,"column":15},"end":{"line":17,"column":2}},"1":{"start":{"line":19,"column":25},"end":{"line":26,"column":1}},"2":{"start":{"line":20,"column":2},"end":{"line":25,"column":4}}},"fnMap":{"0":{"name":"(anonymous_0)","decl":{"start":{"line":19,"column":25},"end":{"line":19,"column":26}},"loc":{"start":{"line":19,"column":31},"end":{"line":26,"column":1}},"line":19}},"branchMap":{},"s":{"0":1,"1":1,"2":4},"f":{"0":4},"b":{},"_coverageSchema":"43e27e138ebf9cfc5966b082cf9a028302ed4184","hash":"790b67cd4faea385d389f57b8bd4c58bf98977d9"}
,"C:\\Pessoal\\pitangagile\\src\\pages\\Detail\\index.tsx": {"path":"C:\\Pessoal\\pitangagile\\src\\pages\\Detail\\index.tsx","statementMap":{"0":{"start":{"line":31,"column":23},"end":{"line":88,"column":1}},"1":{"start":{"line":32,"column":21},"end":{"line":32,"column":36}},"2":{"start":{"line":33,"column":21},"end":{"line":33,"column":31}},"3":{"start":{"line":34,"column":17},"end":{"line":34,"column":45}},"4":{"start":{"line":36,"column":28},"end":{"line":36,"column":58}},"5":{"start":{"line":38,"column":2},"end":{"line":46,"column":11}},"6":{"start":{"line":40,"column":23},"end":{"line":40,"column":52}},"7":{"start":{"line":42,"column":6},"end":{"line":42,"column":31}},"8":{"start":{"line":42,"column":16},"end":{"line":42,"column":31}},"9":{"start":{"line":45,"column":4},"end":{"line":45,"column":24}},"10":{"start":{"line":45,"column":12},"end":{"line":45,"column":24}},"11":{"start":{"line":48,"column":2},"end":{"line":87,"column":4}},"12":{"start":{"line":58,"column":36},"end":{"line":58,"column":55}}},"fnMap":{"0":{"name":"(anonymous_0)","decl":{"start":{"line":31,"column":23},"end":{"line":31,"column":24}},"loc":{"start":{"line":31,"column":29},"end":{"line":88,"column":1}},"line":31},"1":{"name":"(anonymous_1)","decl":{"start":{"line":38,"column":12},"end":{"line":38,"column":13}},"loc":{"start":{"line":38,"column":18},"end":{"line":46,"column":3}},"line":38},"2":{"name":"loadMovie","decl":{"start":{"line":39,"column":19},"end":{"line":39,"column":28}},"loc":{"start":{"line":39,"column":46},"end":{"line":43,"column":5}},"line":39},"3":{"name":"(anonymous_3)","decl":{"start":{"line":58,"column":30},"end":{"line":58,"column":31}},"loc":{"start":{"line":58,"column":36},"end":{"line":58,"column":55}},"line":58}},"branchMap":{"0":{"loc":{"start":{"line":42,"column":6},"end":{"line":42,"column":31}},"type":"if","locations":[{"start":{"line":42,"column":6},"end":{"line":42,"column":31}},{"start":{"line":42,"column":6},"end":{"line":42,"column":31}}],"line":42},"1":{"loc":{"start":{"line":45,"column":4},"end":{"line":45,"column":24}},"type":"if","locations":[{"start":{"line":45,"column":4},"end":{"line":45,"column":24}},{"start":{"line":45,"column":4},"end":{"line":45,"column":24}}],"line":45},"2":{"loc":{"start":{"line":52,"column":10},"end":{"line":53,"column":95}},"type":"binary-expr","locations":[{"start":{"line":52,"column":10},"end":{"line":52,"column":19}},{"start":{"line":53,"column":10},"end":{"line":53,"column":95}}],"line":52}},"s":{"0":1,"1":4,"2":4,"3":4,"4":4,"5":4,"6":2,"7":2,"8":2,"9":2,"10":2,"11":4,"12":0},"f":{"0":4,"1":2,"2":2,"3":0},"b":{"0":[2,0],"1":[2,0],"2":[4,4]},"_coverageSchema":"43e27e138ebf9cfc5966b082cf9a028302ed4184","hash":"4b7f2b030c9bf49a92555f5fd14d8ca844fcfe30"}
,"C:\\Pessoal\\pitangagile\\src\\pages\\Detail\\styles.ts": {"path":"C:\\Pessoal\\pitangagile\\src\\pages\\Detail\\styles.ts","statementMap":{"0":{"start":{"line":3,"column":25},"end":{"line":6,"column":1}},"1":{"start":{"line":8,"column":23},"end":{"line":11,"column":1}},"2":{"start":{"line":13,"column":29},"end":{"line":15,"column":1}},"3":{"start":{"line":17,"column":21},"end":{"line":22,"column":1}},"4":{"start":{"line":24,"column":27},"end":{"line":29,"column":1}},"5":{"start":{"line":31,"column":29},"end":{"line":36,"column":1}},"6":{"start":{"line":38,"column":27},"end":{"line":44,"column":1}},"7":{"start":{"line":46,"column":24},"end":{"line":50,"column":1}}},"fnMap":{},"branchMap":{},"s":{"0":1,"1":1,"2":1,"3":1,"4":1,"5":1,"6":1,"7":1},"f":{},"b":{},"_coverageSchema":"43e27e138ebf9cfc5966b082cf9a028302ed4184","hash":"2e35ac132ef35e64ab1bf332f285b5f36e4dc301"}
,"C:\\Pessoal\\pitangagile\\src\\pages\\List\\index.tsx": {"path":"C:\\Pessoal\\pitangagile\\src\\pages\\List\\index.tsx","statementMap":{"0":{"start":{"line":19,"column":23},"end":{"line":75,"column":1}},"1":{"start":{"line":20,"column":21},"end":{"line":20,"column":36}},"2":{"start":{"line":21,"column":22},"end":{"line":21,"column":34}},"3":{"start":{"line":22,"column":30},"end":{"line":22,"column":52}},"4":{"start":{"line":23,"column":26},"end":{"line":23,"column":45}},"5":{"start":{"line":25,"column":21},"end":{"line":33,"column":12}},"6":{"start":{"line":26,"column":21},"end":{"line":28,"column":6}},"7":{"start":{"line":30,"column":4},"end":{"line":30,"column":65}},"8":{"start":{"line":30,"column":33},"end":{"line":30,"column":65}},"9":{"start":{"line":35,"column":2},"end":{"line":37,"column":19}},"10":{"start":{"line":36,"column":4},"end":{"line":36,"column":17}},"11":{"start":{"line":39,"column":2},"end":{"line":74,"column":4}},"12":{"start":{"line":61,"column":40},"end":{"line":61,"column":48}},"13":{"start":{"line":63,"column":28},"end":{"line":63,"column":45}},"14":{"start":{"line":67,"column":10},"end":{"line":70,"column":12}},"15":{"start":{"line":68,"column":27},"end":{"line":68,"column":74}}},"fnMap":{"0":{"name":"(anonymous_0)","decl":{"start":{"line":19,"column":23},"end":{"line":19,"column":24}},"loc":{"start":{"line":19,"column":29},"end":{"line":75,"column":1}},"line":19},"1":{"name":"(anonymous_1)","decl":{"start":{"line":25,"column":33},"end":{"line":25,"column":34}},"loc":{"start":{"line":25,"column":45},"end":{"line":33,"column":3}},"line":25},"2":{"name":"(anonymous_2)","decl":{"start":{"line":35,"column":12},"end":{"line":35,"column":13}},"loc":{"start":{"line":35,"column":18},"end":{"line":37,"column":3}},"line":35},"3":{"name":"(anonymous_3)","decl":{"start":{"line":61,"column":22},"end":{"line":61,"column":23}},"loc":{"start":{"line":61,"column":40},"end":{"line":61,"column":48}},"line":61},"4":{"name":"(anonymous_4)","decl":{"start":{"line":63,"column":22},"end":{"line":63,"column":23}},"loc":{"start":{"line":63,"column":28},"end":{"line":63,"column":45}},"line":63},"5":{"name":"(anonymous_5)","decl":{"start":{"line":66,"column":20},"end":{"line":66,"column":21}},"loc":{"start":{"line":67,"column":10},"end":{"line":70,"column":12}},"line":67},"6":{"name":"(anonymous_6)","decl":{"start":{"line":68,"column":21},"end":{"line":68,"column":22}},"loc":{"start":{"line":68,"column":27},"end":{"line":68,"column":74}},"line":68}},"branchMap":{"0":{"loc":{"start":{"line":30,"column":4},"end":{"line":30,"column":65}},"type":"if","locations":[{"start":{"line":30,"column":4},"end":{"line":30,"column":65}},{"start":{"line":30,"column":4},"end":{"line":30,"column":65}}],"line":30},"1":{"loc":{"start":{"line":30,"column":8},"end":{"line":30,"column":31}},"type":"binary-expr","locations":[{"start":{"line":30,"column":8},"end":{"line":30,"column":12}},{"start":{"line":30,"column":16},"end":{"line":30,"column":31}}],"line":30}},"s":{"0":1,"1":1,"2":1,"3":1,"4":1,"5":1,"6":1,"7":0,"8":0,"9":1,"10":1,"11":1,"12":0,"13":0,"14":0,"15":0},"f":{"0":1,"1":1,"2":1,"3":0,"4":0,"5":0,"6":0},"b":{"0":[0,0],"1":[0,0]},"_coverageSchema":"43e27e138ebf9cfc5966b082cf9a028302ed4184","hash":"e68666908ca1dd8e75ab26c53f0e4ea9b3792ee0"}
,"C:\\Pessoal\\pitangagile\\src\\pages\\List\\styles.ts": {"path":"C:\\Pessoal\\pitangagile\\src\\pages\\List\\styles.ts","statementMap":{"0":{"start":{"line":3,"column":25},"end":{"line":6,"column":1}},"1":{"start":{"line":8,"column":19},"end":{"line":14,"column":1}},"2":{"start":{"line":16,"column":27},"end":{"line":20,"column":1}},"3":{"start":{"line":22,"column":33},"end":{"line":26,"column":1}}},"fnMap":{},"branchMap":{},"s":{"0":1,"1":1,"2":1,"3":1},"f":{},"b":{},"_coverageSchema":"43e27e138ebf9cfc5966b082cf9a028302ed4184","hash":"ae412df53bf4c0e1fb1d7dddcc19938e4b2f7ba3"}
,"C:\\Pessoal\\pitangagile\\src\\services\\api.ts": {"path":"C:\\Pessoal\\pitangagile\\src\\services\\api.ts","statementMap":{"0":{"start":{"line":3,"column":12},"end":{"line":5,"column":2}}},"fnMap":{},"branchMap":{},"s":{"0":2},"f":{},"b":{},"_coverageSchema":"43e27e138ebf9cfc5966b082cf9a028302ed4184","hash":"999e60685d565c41e38f6f5fc405dd5f0059d89c"}
,"C:\\Pessoal\\pitangagile\\src\\utils\\screenSize.ts": {"path":"C:\\Pessoal\\pitangagile\\src\\utils\\screenSize.ts","statementMap":{"0":{"start":{"line":3,"column":19},"end":{"line":8,"column":1}},"1":{"start":{"line":4,"column":20},"end":{"line":4,"column":44}},"2":{"start":{"line":5,"column":2},"end":{"line":5,"column":35}},"3":{"start":{"line":5,"column":20},"end":{"line":5,"column":35}},"4":{"start":{"line":6,"column":2},"end":{"line":6,"column":35}},"5":{"start":{"line":6,"column":20},"end":{"line":6,"column":35}},"6":{"start":{"line":7,"column":2},"end":{"line":7,"column":18}}},"fnMap":{"0":{"name":"(anonymous_0)","decl":{"start":{"line":3,"column":19},"end":{"line":3,"column":20}},"loc":{"start":{"line":3,"column":33},"end":{"line":8,"column":1}},"line":3}},"branchMap":{"0":{"loc":{"start":{"line":5,"column":2},"end":{"line":5,"column":35}},"type":"if","locations":[{"start":{"line":5,"column":2},"end":{"line":5,"column":35}},{"start":{"line":5,"column":2},"end":{"line":5,"column":35}}],"line":5},"1":{"loc":{"start":{"line":6,"column":2},"end":{"line":6,"column":35}},"type":"if","locations":[{"start":{"line":6,"column":2},"end":{"line":6,"column":35}},{"start":{"line":6,"column":2},"end":{"line":6,"column":35}}],"line":6}},"s":{"0":2,"1":1,"2":1,"3":0,"4":1,"5":1,"6":0},"f":{"0":1},"b":{"0":[0,1],"1":[1,0]},"_coverageSchema":"43e27e138ebf9cfc5966b082cf9a028302ed4184","hash":"ef8c26b94eed7dc14c8a331f60968b3972f4c219"}
}
