TN:
SF:C:\Pessoal\pitangagile\src\components\Card\index.tsx
FN:12,(anonymous_0)
FNF:1
FNH:1
FNDA:1,(anonymous_0)
DA:12,2
DA:13,1
DA:16,1
DA:18,1
LF:4
LH:4
BRDA:16,0,0,1
BRDA:16,0,1,0
BRF:2
BRH:1
end_of_record
TN:
SF:C:\Pessoal\pitangagile\src\components\Card\styles.ts
FN:15,(anonymous_0)
FN:24,(anonymous_1)
FNF:2
FNH:2
FNDA:1,(anonymous_0)
FNDA:1,(anonymous_1)
DA:9,2
DA:16,1
DA:25,1
LF:3
LH:3
BRDA:16,0,0,1
BRDA:16,0,1,0
BRDA:25,1,0,1
BRDA:25,1,1,0
BRF:4
BRH:2
end_of_record
TN:
SF:C:\Pessoal\pitangagile\src\components\Shaddow\index.tsx
FN:19,(anonymous_0)
FNF:1
FNH:1
FNDA:4,(anonymous_0)
DA:5,1
DA:19,1
DA:20,4
LF:3
LH:3
BRF:0
BRH:0
end_of_record
TN:
SF:C:\Pessoal\pitangagile\src\pages\Detail\index.tsx
FN:31,(anonymous_0)
FN:38,(anonymous_1)
FN:39,loadMovie
FN:58,(anonymous_3)
FNF:4
FNH:3
FNDA:4,(anonymous_0)
FNDA:2,(anonymous_1)
FNDA:2,loadMovie
FNDA:0,(anonymous_3)
DA:31,1
DA:32,4
DA:33,4
DA:34,4
DA:36,4
DA:38,4
DA:40,2
DA:42,2
DA:45,2
DA:48,4
DA:58,0
LF:11
LH:10
BRDA:42,0,0,2
BRDA:42,0,1,0
BRDA:45,1,0,2
BRDA:45,1,1,0
BRDA:52,2,0,4
BRDA:52,2,1,4
BRF:6
BRH:4
end_of_record
TN:
SF:C:\Pessoal\pitangagile\src\pages\Detail\styles.ts
FNF:0
FNH:0
DA:3,1
DA:8,1
DA:13,1
DA:17,1
DA:24,1
DA:31,1
DA:38,1
DA:46,1
LF:8
LH:8
BRF:0
BRH:0
end_of_record
TN:
SF:C:\Pessoal\pitangagile\src\pages\List\index.tsx
FN:19,(anonymous_0)
FN:25,(anonymous_1)
FN:35,(anonymous_2)
FN:61,(anonymous_3)
FN:63,(anonymous_4)
FN:66,(anonymous_5)
FN:68,(anonymous_6)
FNF:7
FNH:3
FNDA:1,(anonymous_0)
FNDA:1,(anonymous_1)
FNDA:1,(anonymous_2)
FNDA:0,(anonymous_3)
FNDA:0,(anonymous_4)
FNDA:0,(anonymous_5)
FNDA:0,(anonymous_6)
DA:19,1
DA:20,1
DA:21,1
DA:22,1
DA:23,1
DA:25,1
DA:26,1
DA:30,0
DA:35,1
DA:36,1
DA:39,1
DA:61,0
DA:63,0
DA:67,0
DA:68,0
LF:15
LH:10
BRDA:30,0,0,0
BRDA:30,0,1,0
BRDA:30,1,0,0
BRDA:30,1,1,0
BRF:4
BRH:0
end_of_record
TN:
SF:C:\Pessoal\pitangagile\src\pages\List\styles.ts
FNF:0
FNH:0
DA:3,1
DA:8,1
DA:16,1
DA:22,1
LF:4
LH:4
BRF:0
BRH:0
end_of_record
TN:
SF:C:\Pessoal\pitangagile\src\services\api.ts
FNF:0
FNH:0
DA:3,2
LF:1
LH:1
BRF:0
BRH:0
end_of_record
TN:
SF:C:\Pessoal\pitangagile\src\utils\screenSize.ts
FN:3,(anonymous_0)
FNF:1
FNH:1
FNDA:1,(anonymous_0)
DA:3,2
DA:4,1
DA:5,1
DA:6,1
DA:7,0
LF:5
LH:4
BRDA:5,0,0,0
BRDA:5,0,1,1
BRDA:6,1,0,1
BRDA:6,1,1,0
BRF:4
BRH:2
end_of_record
